\BOOKMARK [1][-]{section.1}{Overview}{}% 1
\BOOKMARK [2][-]{subsection.1.1}{Technical Details}{section.1}% 2
\BOOKMARK [1][-]{section.2}{Judge}{}% 3
\BOOKMARK [2][-]{subsection.2.1}{Introduction}{section.2}% 4
\BOOKMARK [2][-]{subsection.2.2}{Supported languages}{section.2}% 5
\BOOKMARK [2][-]{subsection.2.3}{Facilities}{section.2}% 6
\BOOKMARK [3][-]{subsubsection.2.3.1}{Custom input-output}{subsection.2.3}% 7
\BOOKMARK [3][-]{subsubsection.2.3.2}{Code Editor}{subsection.2.3}% 8
\BOOKMARK [2][-]{subsection.2.4}{Submission}{section.2}% 9
\BOOKMARK [1][-]{section.3}{Models}{}% 10
\BOOKMARK [2][-]{subsection.3.1}{Introduction}{section.3}% 11
\BOOKMARK [2][-]{subsection.3.2}{Schema}{section.3}% 12
\BOOKMARK [3][-]{subsubsection.3.2.1}{Problem}{subsection.3.2}% 13
\BOOKMARK [3][-]{subsubsection.3.2.2}{Test Case}{subsection.3.2}% 14
\BOOKMARK [3][-]{subsubsection.3.2.3}{Contest}{subsection.3.2}% 15
\BOOKMARK [3][-]{subsubsection.3.2.4}{Contest Problem}{subsection.3.2}% 16
\BOOKMARK [3][-]{subsubsection.3.2.5}{Participant}{subsection.3.2}% 17
\BOOKMARK [3][-]{subsubsection.3.2.6}{Submission}{subsection.3.2}% 18
\BOOKMARK [2][-]{subsection.3.3}{Future Plans}{section.3}% 19
\BOOKMARK [3][-]{subsubsection.3.3.1}{Post}{subsection.3.3}% 20
\BOOKMARK [3][-]{subsubsection.3.3.2}{Tag}{subsection.3.3}% 21
\BOOKMARK [1][-]{section.4}{Front-end of Code-Area}{}% 22
\BOOKMARK [2][-]{subsection.4.1}{Schema}{section.4}% 23
\BOOKMARK [3][-]{subsubsection.4.1.1}{Homepage}{subsection.4.1}% 24
\BOOKMARK [3][-]{subsubsection.4.1.2}{Contestlist}{subsection.4.1}% 25
\BOOKMARK [3][-]{subsubsection.4.1.3}{Contesthost}{subsection.4.1}% 26
\BOOKMARK [3][-]{subsubsection.4.1.4}{Contestpage}{subsection.4.1}% 27
\BOOKMARK [3][-]{subsubsection.4.1.5}{Problem page}{subsection.4.1}% 28
\BOOKMARK [3][-]{subsubsection.4.1.6}{Rankboard}{subsection.4.1}% 29
\BOOKMARK [1][-]{section.5}{Forms}{}% 30
\BOOKMARK [1][-]{section.6}{Views}{}% 31
\BOOKMARK [1][-]{section.7}{User Permissions}{}% 32
\BOOKMARK [1][-]{section.8}{Social Authentication}{}% 33
\BOOKMARK [2][-]{subsection.8.1}{Introduction}{section.8}% 34
\BOOKMARK [2][-]{subsection.8.2}{Features}{section.8}% 35
\BOOKMARK [2][-]{subsection.8.3}{Implementation}{section.8}% 36
\BOOKMARK [1][-]{section.9}{Rich Text Integration}{}% 37
\BOOKMARK [2][-]{subsection.9.1}{Introduction}{section.9}% 38
\BOOKMARK [3][-]{subsubsection.9.1.1}{Markdown Editor}{subsection.9.1}% 39
\BOOKMARK [3][-]{subsubsection.9.1.2}{WYSIWYG Editor}{subsection.9.1}% 40
\BOOKMARK [2][-]{subsection.9.2}{Use}{section.9}% 41
\BOOKMARK [2][-]{subsection.9.3}{Implementation}{section.9}% 42
